<?xml version="1.0" encoding="UTF-8"?>
<!-- Generated by org.testng.reporters.JUnitReportReporter -->
<testsuite skipped="1" hostname="MicroSoftUpdate" name="qa.sdt.test.LoginPageTest" tests="2" failures="0" timestamp="2021-12-17T22:20:47 IST" time="35.777" errors="0">
  <testcase name="validateLoginTest" time="35.777" classname="qa.sdt.test.LoginPageTest"/>
  <system-out/>
  <testcase name="validateCRMLogoTest" classname="qa.sdt.test.LoginPageTest">
    <skipped/>
  </testcase> <!-- validateCRMLogoTest -->
  <system-out/>
</testsuite> <!-- qa.sdt.test.LoginPageTest -->
